2024-11-18 18:17:37.046 [info] [main] Log level: Info
2024-11-18 18:17:37.046 [info] [main] Validating found git in: "git"
2024-11-18 18:17:37.046 [info] [main] Using git "2.47.0" from "git"
2024-11-18 18:17:37.046 [info] [Model][doInitialScan] Initial repository scan started
2024-11-18 18:17:37.046 [info] > git rev-parse --show-toplevel [11ms]
2024-11-18 18:17:37.046 [info] > git rev-parse --show-toplevel [10ms]
2024-11-18 18:17:37.052 [info] > git rev-parse --show-toplevel [1ms]
2024-11-18 18:17:37.053 [info] [Model][doInitialScan] Initial repository scan completed - repositories (0), closed repositories (0), parent repositories (1), unsafe repositories (0)
2024-11-18 18:17:37.094 [info] > git rev-parse --show-toplevel [37ms]
2024-11-18 18:17:38.009 [info] > git rev-parse --show-toplevel [2ms]
2024-11-18 18:17:41.934 [info] > git rev-parse --show-toplevel [2ms]
2024-11-18 18:17:53.115 [info] > git rev-parse --show-toplevel [2ms]
2024-11-18 18:17:56.856 [info] > git rev-parse --show-toplevel [1ms]
2024-11-18 18:17:59.969 [info] > git rev-parse --show-toplevel [1ms]
2024-11-18 18:18:03.144 [info] > git rev-parse --show-toplevel [1ms]
2024-11-18 18:18:39.491 [info] > git rev-parse --show-toplevel [2ms]
2024-11-18 18:18:41.231 [info] > git rev-parse --show-toplevel [2ms]
2024-11-18 18:18:57.468 [info] > git rev-parse --show-toplevel [2ms]
2024-11-18 18:20:39.947 [info] > git rev-parse --show-toplevel [2ms]
2024-11-18 18:20:43.369 [info] > git rev-parse --show-toplevel [2ms]
2024-11-18 18:22:24.110 [info] > git rev-parse --show-toplevel [1ms]
2024-11-18 18:22:25.157 [info] > git rev-parse --show-toplevel [2ms]
2024-11-18 18:22:26.783 [info] > git rev-parse --show-toplevel [1ms]
2024-11-18 18:22:28.171 [info] > git rev-parse --show-toplevel [2ms]
2024-11-18 18:22:33.996 [info] > git rev-parse --show-toplevel [2ms]
2024-11-18 18:23:24.455 [info] > git rev-parse --show-toplevel [22ms]
2024-11-18 18:23:28.635 [info] > git rev-parse --show-toplevel [2ms]
2024-11-18 18:23:58.077 [info] > git rev-parse --show-toplevel [1ms]
2024-11-18 18:24:04.142 [info] > git rev-parse --show-toplevel [2ms]
2024-11-18 18:24:05.766 [info] > git rev-parse --show-toplevel [2ms]
2024-11-18 18:25:41.848 [info] > git rev-parse --show-toplevel [2ms]
2024-11-18 18:25:47.373 [info] > git rev-parse --show-toplevel [1ms]
2024-11-18 18:25:58.781 [info] > git rev-parse --show-toplevel [1ms]
