2024-11-18 18:27:36.914 [info] [main] Log level: Info
2024-11-18 18:27:36.914 [info] [main] Validating found git in: "git"
2024-11-18 18:27:36.914 [info] [main] Using git "2.47.0" from "git"
2024-11-18 18:27:36.914 [info] [Model][doInitialScan] Initial repository scan started
2024-11-18 18:27:36.914 [info] > git rev-parse --show-toplevel [5ms]
2024-11-18 18:27:36.914 [info] > git rev-parse --git-dir --git-common-dir [2ms]
2024-11-18 18:27:36.914 [info] [Model][openRepository] Opened repository: /home/manish-ach/work/rust/trial
2024-11-18 18:27:36.914 [info] > git rev-parse --show-toplevel [5ms]
2024-11-18 18:27:36.914 [info] [Model][doInitialScan] Initial repository scan completed - repositories (1), closed repositories (0), parent repositories (0), unsafe repositories (0)
2024-11-18 18:27:36.914 [info] > git config --get commit.template [11ms]
2024-11-18 18:27:36.914 [info] [Git][getRemotes] No remotes found in the git config file
2024-11-18 18:27:36.914 [info] > git for-each-ref --format=%(refname)%00%(upstream:short)%00%(objectname)%00%(upstream:track)%00%(upstream:remotename)%00%(upstream:remoteref) refs/heads/main refs/remotes/main [2ms]
2024-11-18 18:27:36.914 [warning] [Git][getBranch] No such branch: main
2024-11-18 18:27:36.914 [info] > git status -z -uall [11ms]
2024-11-18 18:27:36.914 [info] > git for-each-ref --sort -committerdate --format %(refname) %(objectname) %(*objectname) [32ms]
2024-11-18 18:27:36.977 [info] > git for-each-ref --format=%(refname)%00%(upstream:short)%00%(objectname)%00%(upstream:track)%00%(upstream:remotename)%00%(upstream:remoteref) refs/heads/main refs/remotes/main [55ms]
2024-11-18 18:27:36.977 [warning] [Git][getBranch] No such branch: main
2024-11-18 18:27:36.978 [error] [GitHistoryProvider][resolveHEADMergeBase] Failed to resolve merge base for main: Error: No such branch: main.
2024-11-18 18:27:36.998 [info] > git config --get commit.template [33ms]
2024-11-18 18:27:37.038 [info] [Git][getRemotes] No remotes found in the git config file
2024-11-18 18:27:37.049 [info] > git for-each-ref --format=%(refname)%00%(upstream:short)%00%(objectname)%00%(upstream:track)%00%(upstream:remotename)%00%(upstream:remoteref) refs/heads/main refs/remotes/main [11ms]
2024-11-18 18:27:37.049 [warning] [Git][getBranch] No such branch: main
2024-11-18 18:27:37.061 [info] > git status -z -uall [8ms]
2024-11-18 18:27:37.062 [info] > git for-each-ref --sort -committerdate --format %(refname) %(objectname) %(*objectname) [4ms]
2024-11-18 18:27:37.393 [info] > git check-ignore -v -z --stdin [0ms]
2024-11-18 18:27:38.488 [info] > git check-ignore -v -z --stdin [1ms]
2024-11-18 18:27:38.795 [info] [Git][getRemotes] No remotes found in the git config file
2024-11-18 18:27:38.798 [info] > git config --get commit.template [21ms]
2024-11-18 18:27:38.799 [info] > git for-each-ref --format=%(refname)%00%(upstream:short)%00%(objectname)%00%(upstream:track)%00%(upstream:remotename)%00%(upstream:remoteref) refs/heads/main refs/remotes/main [5ms]
2024-11-18 18:27:38.800 [warning] [Git][getBranch] No such branch: main
2024-11-18 18:27:38.827 [info] > git status -z -uall [11ms]
2024-11-18 18:27:38.829 [info] > git for-each-ref --sort -committerdate --format %(refname) %(objectname) %(*objectname) [3ms]
2024-11-18 18:27:39.692 [info] > git check-ignore -v -z --stdin [1ms]
2024-11-18 18:27:40.365 [info] > git show --textconv :src/main.rs [10ms]
2024-11-18 18:27:40.368 [info] > git ls-files --stage -- /home/manish-ach/work/rust/trial/src/main.rs [4ms]
2024-11-18 18:28:16.753 [info] [Git][getRemotes] No remotes found in the git config file
2024-11-18 18:28:16.754 [info] > git config --get commit.template [6ms]
2024-11-18 18:28:16.754 [info] > git for-each-ref --format=%(refname)%00%(upstream:short)%00%(objectname)%00%(upstream:track)%00%(upstream:remotename)%00%(upstream:remoteref) refs/heads/main refs/remotes/main [1ms]
2024-11-18 18:28:16.755 [warning] [Git][getBranch] No such branch: main
2024-11-18 18:28:16.764 [info] > git status -z -uall [5ms]
2024-11-18 18:28:16.765 [info] > git for-each-ref --sort -committerdate --format %(refname) %(objectname) %(*objectname) [1ms]
2024-11-18 18:28:31.981 [info] [Git][getRemotes] No remotes found in the git config file
2024-11-18 18:28:31.984 [info] > git config --get commit.template [21ms]
2024-11-18 18:28:31.986 [info] > git for-each-ref --format=%(refname)%00%(upstream:short)%00%(objectname)%00%(upstream:track)%00%(upstream:remotename)%00%(upstream:remoteref) refs/heads/main refs/remotes/main [6ms]
2024-11-18 18:28:31.986 [warning] [Git][getBranch] No such branch: main
2024-11-18 18:28:32.021 [info] > git status -z -uall [20ms]
2024-11-18 18:28:32.024 [info] > git for-each-ref --sort -committerdate --format %(refname) %(objectname) %(*objectname) [4ms]
