2024-11-18 19:45:05.084 [info] [main] Log level: Info
2024-11-18 19:45:05.084 [info] [main] Validating found git in: "git"
2024-11-18 19:45:05.084 [info] [main] Using git "2.47.0" from "git"
2024-11-18 19:45:05.084 [info] [Model][doInitialScan] Initial repository scan started
2024-11-18 19:45:05.084 [info] > git rev-parse --show-toplevel [4ms]
2024-11-18 19:45:05.084 [info] > git rev-parse --git-dir --git-common-dir [8ms]
2024-11-18 19:45:05.084 [info] [Model][openRepository] Opened repository: /home/manish-ach/work/rust/wall
2024-11-18 19:45:05.128 [info] > git rev-parse --show-toplevel [32ms]
2024-11-18 19:45:05.129 [info] > git config --get commit.template [38ms]
2024-11-18 19:45:05.153 [info] [Git][getRemotes] No remotes found in the git config file
2024-11-18 19:45:05.155 [info] > git rev-parse --show-toplevel [13ms]
2024-11-18 19:45:05.166 [info] > git for-each-ref --format=%(refname)%00%(upstream:short)%00%(objectname)%00%(upstream:track)%00%(upstream:remotename)%00%(upstream:remoteref) refs/heads/main refs/remotes/main [14ms]
2024-11-18 19:45:05.166 [warning] [Git][getBranch] No such branch: main
2024-11-18 19:45:05.188 [info] > git status -z -uall [13ms]
2024-11-18 19:45:05.188 [info] > git for-each-ref --sort -committerdate --format %(refname) %(objectname) %(*objectname) [4ms]
2024-11-18 19:45:05.207 [info] > git rev-parse --show-toplevel [43ms]
2024-11-18 19:45:05.207 [info] [Model][doInitialScan] Initial repository scan completed - repositories (1), closed repositories (0), parent repositories (0), unsafe repositories (0)
2024-11-18 19:45:05.217 [info] > git for-each-ref --format=%(refname)%00%(upstream:short)%00%(objectname)%00%(upstream:track)%00%(upstream:remotename)%00%(upstream:remoteref) refs/heads/main refs/remotes/main [14ms]
2024-11-18 19:45:05.217 [warning] [Git][getBranch] No such branch: main
2024-11-18 19:45:05.218 [error] [GitHistoryProvider][resolveHEADMergeBase] Failed to resolve merge base for main: Error: No such branch: main.
2024-11-18 19:45:05.220 [info] > git config --get commit.template [5ms]
2024-11-18 19:45:05.227 [info] [Git][getRemotes] No remotes found in the git config file
2024-11-18 19:45:05.233 [info] > git for-each-ref --format=%(refname)%00%(upstream:short)%00%(objectname)%00%(upstream:track)%00%(upstream:remotename)%00%(upstream:remoteref) refs/heads/main refs/remotes/main [6ms]
2024-11-18 19:45:05.233 [warning] [Git][getBranch] No such branch: main
2024-11-18 19:45:05.247 [info] > git status -z -uall [8ms]
2024-11-18 19:45:05.302 [info] > git for-each-ref --sort -committerdate --format %(refname) %(objectname) %(*objectname) [56ms]
2024-11-18 19:45:05.406 [info] > git show --textconv :src/main.rs [7ms]
2024-11-18 19:45:05.407 [info] > git ls-files --stage -- /home/manish-ach/work/rust/wall/src/main.rs [2ms]
2024-11-18 19:45:05.605 [info] > git check-ignore -v -z --stdin [1ms]
2024-11-18 19:45:06.758 [info] [Git][getRemotes] No remotes found in the git config file
2024-11-18 19:45:06.764 [info] > git config --get commit.template [24ms]
2024-11-18 19:45:06.765 [info] > git for-each-ref --format=%(refname)%00%(upstream:short)%00%(objectname)%00%(upstream:track)%00%(upstream:remotename)%00%(upstream:remoteref) refs/heads/main refs/remotes/main [8ms]
2024-11-18 19:45:06.765 [warning] [Git][getBranch] No such branch: main
2024-11-18 19:45:06.789 [info] > git status -z -uall [13ms]
2024-11-18 19:45:06.791 [info] > git for-each-ref --sort -committerdate --format %(refname) %(objectname) %(*objectname) [4ms]
